# JRE version: OpenJDK Runtime Environment (8.0_232-b09) (build 1.8.0_232-8u232-b09-0ubuntu1~18.04.1-b09)
# Java VM: OpenJDK 64-Bit Server VM (25.232-b09 mixed mode linux-amd64 compressed oops)
Heap:
 PSYoungGen      total 540160K, used 0K [0x00000000d5580000, 0x0000000100000000, 0x0000000100000000)
  eden space 482816K, 0% used [0x00000000d5580000,0x00000000d5580000,0x00000000f2d00000)
  from space 57344K, 0% used [0x00000000fc380000,0x00000000fc380000,0x00000000ffb80000)
  to   space 108032K, 0% used [0x00000000f2d00000,0x00000000f2d00000,0x00000000f9680000)
 ParOldGen       total 222208K, used 199477K [0x0000000080000000, 0x000000008d900000, 0x00000000d5580000)
  object space 222208K, 89% used [0x0000000080000000,0x000000008c2cd448,0x000000008d900000)
 Metaspace       used 59730K, capacity 63310K, committed 63488K, reserved 1103872K
  class space    used 7221K, capacity 8170K, committed 8192K, reserved 1048576K
GC Heap History (10 events):
Event: 129.874 GC heap after
Heap after GC invocations=22 (full 4):
 PSYoungGen      total 496640K, used 0K [0x00000000d5580000, 0x00000000f9d80000, 0x0000000100000000)
  eden space 449536K, 0% used [0x00000000d5580000,0x00000000d5580000,0x00000000f0c80000)
  from space 47104K, 0% used [0x00000000f4d80000,0x00000000f4d80000,0x00000000f7b80000)
  to   space 66560K, 0% used [0x00000000f0c80000,0x00000000f0c80000,0x00000000f4d80000)
 ParOldGen       total 195584K, used 110862K [0x0000000080000000, 0x000000008bf00000, 0x00000000d5580000)
  object space 195584K, 56% used [0x0000000080000000,0x0000000086c43888,0x000000008bf00000)
 Metaspace       used 48655K, capacity 51488K, committed 53248K, reserved 1095680K
  class space    used 5624K, capacity 6415K, committed 6656K, reserved 1048576K
}
Event: 237.961 GC heap before
{Heap before GC invocations=23 (full 4):
 PSYoungGen      total 496640K, used 449536K [0x00000000d5580000, 0x00000000f9d80000, 0x0000000100000000)
  eden space 449536K, 100% used [0x00000000d5580000,0x00000000f0c80000,0x00000000f0c80000)
  from space 47104K, 0% used [0x00000000f4d80000,0x00000000f4d80000,0x00000000f7b80000)
  to   space 66560K, 0% used [0x00000000f0c80000,0x00000000f0c80000,0x00000000f4d80000)
 ParOldGen       total 195584K, used 110862K [0x0000000080000000, 0x000000008bf00000, 0x00000000d5580000)
  object space 195584K, 56% used [0x0000000080000000,0x0000000086c43888,0x000000008bf00000)
 Metaspace       used 53832K, capacity 57082K, committed 57216K, reserved 1099776K
  class space    used 6141K, capacity 7004K, committed 7040K, reserved 1048576K
Event: 237.997 GC heap after
Heap after GC invocations=23 (full 4):
 PSYoungGen      total 516096K, used 13954K [0x00000000d5580000, 0x00000000fd080000, 0x0000000100000000)
  eden space 449536K, 0% used [0x00000000d5580000,0x00000000d5580000,0x00000000f0c80000)
  from space 66560K, 20% used [0x00000000f0c80000,0x00000000f1a20a48,0x00000000f4d80000)
  to   space 63488K, 0% used [0x00000000f9280000,0x00000000f9280000,0x00000000fd080000)
 ParOldGen       total 195584K, used 110870K [0x0000000080000000, 0x000000008bf00000, 0x00000000d5580000)
  object space 195584K, 56% used [0x0000000080000000,0x0000000086c45888,0x000000008bf00000)
 Metaspace       used 53832K, capacity 57082K, committed 57216K, reserved 1099776K
  class space    used 6141K, capacity 7004K, committed 7040K, reserved 1048576K
}
Event: 261.002 GC heap before
{Heap before GC invocations=24 (full 4):
 PSYoungGen      total 516096K, used 463490K [0x00000000d5580000, 0x00000000fd080000, 0x0000000100000000)
  eden space 449536K, 100% used [0x00000000d5580000,0x00000000f0c80000,0x00000000f0c80000)
  from space 66560K, 20% used [0x00000000f0c80000,0x00000000f1a20a48,0x00000000f4d80000)
  to   space 63488K, 0% used [0x00000000f9280000,0x00000000f9280000,0x00000000fd080000)
 ParOldGen       total 195584K, used 110870K [0x0000000080000000, 0x000000008bf00000, 0x00000000d5580000)
  object space 195584K, 56% used [0x0000000080000000,0x0000000086c45888,0x000000008bf00000)
 Metaspace       used 53992K, capacity 57306K, committed 57472K, reserved 1099776K
  class space    used 6146K, capacity 7036K, committed 7040K, reserved 1048576K
Event: 261.050 GC heap after
Heap after GC invocations=24 (full 4):
 PSYoungGen      total 562176K, used 15736K [0x00000000d5580000, 0x00000000fc180000, 0x0000000100000000)
  eden space 514048K, 0% used [0x00000000d5580000,0x00000000d5580000,0x00000000f4b80000)
  from space 48128K, 32% used [0x00000000f9280000,0x00000000fa1de2f8,0x00000000fc180000)
  to   space 60416K, 0% used [0x00000000f4b80000,0x00000000f4b80000,0x00000000f8680000)
 ParOldGen       total 195584K, used 110878K [0x0000000080000000, 0x000000008bf00000, 0x00000000d5580000)
  object space 195584K, 56% used [0x0000000080000000,0x0000000086c47888,0x000000008bf00000)
 Metaspace       used 53992K, capacity 57306K, committed 57472K, reserved 1099776K
  class space    used 6146K, capacity 7036K, committed 7040K, reserved 1048576K
}
Event: 272.313 GC heap before
{Heap before GC invocations=25 (full 4):
 PSYoungGen      total 562176K, used 529784K [0x00000000d5580000, 0x00000000fc180000, 0x0000000100000000)
  eden space 514048K, 100% used [0x00000000d5580000,0x00000000f4b80000,0x00000000f4b80000)
  from space 48128K, 32% used [0x00000000f9280000,0x00000000fa1de2f8,0x00000000fc180000)
  to   space 60416K, 0% used [0x00000000f4b80000,0x00000000f4b80000,0x00000000f8680000)
 ParOldGen       total 195584K, used 110878K [0x0000000080000000, 0x000000008bf00000, 0x00000000d5580000)
  object space 195584K, 56% used [0x0000000080000000,0x0000000086c47888,0x000000008bf00000)
 Metaspace       used 54201K, capacity 57572K, committed 57856K, reserved 1099776K
  class space    used 6163K, capacity 7078K, committed 7168K, reserved 1048576K
Event: 272.343 GC heap after
Heap after GC invocations=25 (full 4):
 PSYoungGen      total 574464K, used 15553K [0x00000000d5580000, 0x00000000ffb80000, 0x0000000100000000)
  eden space 514048K, 0% used [0x00000000d5580000,0x00000000d5580000,0x00000000f4b80000)
  from space 60416K, 25% used [0x00000000f4b80000,0x00000000f5ab04c0,0x00000000f8680000)
  to   space 57344K, 0% used [0x00000000fc380000,0x00000000fc380000,0x00000000ffb80000)
 ParOldGen       total 195584K, used 110886K [0x0000000080000000, 0x000000008bf00000, 0x00000000d5580000)
  object space 195584K, 56% used [0x0000000080000000,0x0000000086c49888,0x000000008bf00000)
 Metaspace       used 54201K, capacity 57572K, committed 57856K, reserved 1099776K
  class space    used 6163K, capacity 7078K, committed 7168K, reserved 1048576K
}
Event: 316.390 GC heap before
{Heap before GC invocations=26 (full 4):
 PSYoungGen      total 574464K, used 529601K [0x00000000d5580000, 0x00000000ffb80000, 0x0000000100000000)
  eden space 514048K, 100% used [0x00000000d5580000,0x00000000f4b80000,0x00000000f4b80000)
  from space 60416K, 25% used [0x00000000f4b80000,0x00000000f5ab04c0,0x00000000f8680000)
  to   space 57344K, 0% used [0x00000000fc380000,0x00000000fc380000,0x00000000ffb80000)
 ParOldGen       total 195584K, used 110886K [0x0000000080000000, 0x000000008bf00000, 0x00000000d5580000)
  object space 195584K, 56% used [0x0000000080000000,0x0000000086c49888,0x000000008bf00000)
 Metaspace       used 59739K, capacity 63320K, committed 63488K, reserved 1103872K
  class space    used 7223K, capacity 8172K, committed 8192K, reserved 1048576K
Event: 317.741 GC heap after
Heap after GC invocations=26 (full 4):
 PSYoungGen      total 540160K, used 57329K [0x00000000d5580000, 0x0000000100000000, 0x0000000100000000)
  eden space 482816K, 0% used [0x00000000d5580000,0x00000000d5580000,0x00000000f2d00000)
  from space 57344K, 99% used [0x00000000fc380000,0x00000000ffb7c4f8,0x00000000ffb80000)
  to   space 108032K, 0% used [0x00000000f2d00000,0x00000000f2d00000,0x00000000f9680000)
 ParOldGen       total 222208K, used 221859K [0x0000000080000000, 0x000000008d900000, 0x00000000d5580000)
  object space 222208K, 99% used [0x0000000080000000,0x000000008d8a8cc8,0x000000008d900000)
 Metaspace       used 59739K, capacity 63320K, committed 63488K, reserved 1103872K
  class space    used 7223K, capacity 8172K, committed 8192K, reserved 1048576K
}
Event: 317.786 GC heap before
{Heap before GC invocations=27 (full 5):
 PSYoungGen      total 540160K, used 57329K [0x00000000d5580000, 0x0000000100000000, 0x0000000100000000)
  eden space 482816K, 0% used [0x00000000d5580000,0x00000000d5580000,0x00000000f2d00000)
  from space 57344K, 99% used [0x00000000fc380000,0x00000000ffb7c4f8,0x00000000ffb80000)
  to   space 108032K, 0% used [0x00000000f2d00000,0x00000000f2d00000,0x00000000f9680000)
 ParOldGen       total 222208K, used 221859K [0x0000000080000000, 0x000000008d900000, 0x00000000d5580000)
  object space 222208K, 99% used [0x0000000080000000,0x000000008d8a8cc8,0x000000008d900000)
 Metaspace       used 59739K, capacity 63320K, committed 63488K, reserved 1103872K
  class space    used 7223K, capacity 8172K, committed 8192K, reserved 1048576K

