# JRE version: OpenJDK Runtime Environment (8.0_232-b09) (build 1.8.0_232-8u232-b09-0ubuntu1~18.04.1-b09)
# Java VM: OpenJDK 64-Bit Server VM (25.232-b09 mixed mode linux-amd64 compressed oops)
Heap:
 PSYoungGen      total 185344K, used 9090K [0x00000000eb700000, 0x00000000f7500000, 0x0000000100000000)
  eden space 176128K, 0% used [0x00000000eb700000,0x00000000eb700000,0x00000000f6300000)
  from space 9216K, 98% used [0x00000000f6300000,0x00000000f6be0b58,0x00000000f6c00000)
  to   space 6656K, 0% used [0x00000000f6e80000,0x00000000f6e80000,0x00000000f7500000)
 ParOldGen       total 37888K, used 25913K [0x00000000c2400000, 0x00000000c4900000, 0x00000000eb700000)
  object space 37888K, 68% used [0x00000000c2400000,0x00000000c3d4e670,0x00000000c4900000)
 Metaspace       used 32007K, capacity 32534K, committed 32768K, reserved 1079296K
  class space    used 3620K, capacity 3781K, committed 3840K, reserved 1048576K
GC Heap History (10 events):
Event: 60.936 GC heap after
Heap after GC invocations=17 (full 1):
 PSYoungGen      total 113152K, used 2292K [0x00000000eb700000, 0x00000000f3780000, 0x0000000100000000)
  eden space 110592K, 0% used [0x00000000eb700000,0x00000000eb700000,0x00000000f2300000)
  from space 2560K, 89% used [0x00000000f3500000,0x00000000f373d088,0x00000000f3780000)
  to   space 6656K, 0% used [0x00000000f2a80000,0x00000000f2a80000,0x00000000f3100000)
 ParOldGen       total 37888K, used 13109K [0x00000000c2400000, 0x00000000c4900000, 0x00000000eb700000)
  object space 37888K, 34% used [0x00000000c2400000,0x00000000c30cd590,0x00000000c4900000)
 Metaspace       used 23614K, capacity 23946K, committed 24320K, reserved 1071104K
  class space    used 2645K, capacity 2749K, committed 2816K, reserved 1048576K
}
Event: 68.431 GC heap before
{Heap before GC invocations=18 (full 1):
 PSYoungGen      total 113152K, used 112884K [0x00000000eb700000, 0x00000000f3780000, 0x0000000100000000)
  eden space 110592K, 100% used [0x00000000eb700000,0x00000000f2300000,0x00000000f2300000)
  from space 2560K, 89% used [0x00000000f3500000,0x00000000f373d088,0x00000000f3780000)
  to   space 6656K, 0% used [0x00000000f2a80000,0x00000000f2a80000,0x00000000f3100000)
 ParOldGen       total 37888K, used 13109K [0x00000000c2400000, 0x00000000c4900000, 0x00000000eb700000)
  object space 37888K, 34% used [0x00000000c2400000,0x00000000c30cd590,0x00000000c4900000)
 Metaspace       used 26434K, capacity 26826K, committed 27008K, reserved 1073152K
  class space    used 3005K, capacity 3149K, committed 3200K, reserved 1048576K
Event: 68.462 GC heap after
Heap after GC invocations=18 (full 1):
 PSYoungGen      total 124928K, used 4798K [0x00000000eb700000, 0x00000000f4e00000, 0x0000000100000000)
  eden space 118272K, 0% used [0x00000000eb700000,0x00000000eb700000,0x00000000f2a80000)
  from space 6656K, 72% used [0x00000000f2a80000,0x00000000f2f2fb50,0x00000000f3100000)
  to   space 7168K, 0% used [0x00000000f4700000,0x00000000f4700000,0x00000000f4e00000)
 ParOldGen       total 37888K, used 14238K [0x00000000c2400000, 0x00000000c4900000, 0x00000000eb700000)
  object space 37888K, 37% used [0x00000000c2400000,0x00000000c31e7bf8,0x00000000c4900000)
 Metaspace       used 26434K, capacity 26826K, committed 27008K, reserved 1073152K
  class space    used 3005K, capacity 3149K, committed 3200K, reserved 1048576K
}
Event: 75.622 GC heap before
{Heap before GC invocations=19 (full 1):
 PSYoungGen      total 124928K, used 123070K [0x00000000eb700000, 0x00000000f4e00000, 0x0000000100000000)
  eden space 118272K, 100% used [0x00000000eb700000,0x00000000f2a80000,0x00000000f2a80000)
  from space 6656K, 72% used [0x00000000f2a80000,0x00000000f2f2fb50,0x00000000f3100000)
  to   space 7168K, 0% used [0x00000000f4700000,0x00000000f4700000,0x00000000f4e00000)
 ParOldGen       total 37888K, used 14238K [0x00000000c2400000, 0x00000000c4900000, 0x00000000eb700000)
  object space 37888K, 37% used [0x00000000c2400000,0x00000000c31e7bf8,0x00000000c4900000)
 Metaspace       used 26462K, capacity 26832K, committed 27008K, reserved 1073152K
  class space    used 3007K, capacity 3150K, committed 3200K, reserved 1048576K
Event: 75.918 GC heap after
Heap after GC invocations=19 (full 1):
 PSYoungGen      total 145920K, used 7136K [0x00000000eb700000, 0x00000000f5b00000, 0x0000000100000000)
  eden space 138752K, 0% used [0x00000000eb700000,0x00000000eb700000,0x00000000f3e80000)
  from space 7168K, 99% used [0x00000000f4700000,0x00000000f4df8210,0x00000000f4e00000)
  to   space 8704K, 0% used [0x00000000f3e80000,0x00000000f3e80000,0x00000000f4700000)
 ParOldGen       total 37888K, used 16370K [0x00000000c2400000, 0x00000000c4900000, 0x00000000eb700000)
  object space 37888K, 43% used [0x00000000c2400000,0x00000000c33fca38,0x00000000c4900000)
 Metaspace       used 26462K, capacity 26832K, committed 27008K, reserved 1073152K
  class space    used 3007K, capacity 3150K, committed 3200K, reserved 1048576K
}
Event: 84.731 GC heap before
{Heap before GC invocations=20 (full 1):
 PSYoungGen      total 145920K, used 145888K [0x00000000eb700000, 0x00000000f5b00000, 0x0000000100000000)
  eden space 138752K, 100% used [0x00000000eb700000,0x00000000f3e80000,0x00000000f3e80000)
  from space 7168K, 99% used [0x00000000f4700000,0x00000000f4df8210,0x00000000f4e00000)
  to   space 8704K, 0% used [0x00000000f3e80000,0x00000000f3e80000,0x00000000f4700000)
 ParOldGen       total 37888K, used 16370K [0x00000000c2400000, 0x00000000c4900000, 0x00000000eb700000)
  object space 37888K, 43% used [0x00000000c2400000,0x00000000c33fca38,0x00000000c4900000)
 Metaspace       used 29472K, capacity 29876K, committed 30080K, reserved 1075200K
  class space    used 3290K, capacity 3412K, committed 3456K, reserved 1048576K
Event: 85.032 GC heap after
Heap after GC invocations=20 (full 1):
 PSYoungGen      total 147456K, used 4643K [0x00000000eb700000, 0x00000000f7700000, 0x0000000100000000)
  eden space 138752K, 0% used [0x00000000eb700000,0x00000000eb700000,0x00000000f3e80000)
  from space 8704K, 53% used [0x00000000f3e80000,0x00000000f4308cc0,0x00000000f4700000)
  to   space 8704K, 0% used [0x00000000f6e80000,0x00000000f6e80000,0x00000000f7700000)
 ParOldGen       total 37888K, used 20797K [0x00000000c2400000, 0x00000000c4900000, 0x00000000eb700000)
  object space 37888K, 54% used [0x00000000c2400000,0x00000000c384f6b8,0x00000000c4900000)
 Metaspace       used 29472K, capacity 29876K, committed 30080K, reserved 1075200K
  class space    used 3290K, capacity 3412K, committed 3456K, reserved 1048576K
}
Event: 152.540 GC heap before
{Heap before GC invocations=21 (full 1):
 PSYoungGen      total 147456K, used 143395K [0x00000000eb700000, 0x00000000f7700000, 0x0000000100000000)
  eden space 138752K, 100% used [0x00000000eb700000,0x00000000f3e80000,0x00000000f3e80000)
  from space 8704K, 53% used [0x00000000f3e80000,0x00000000f4308cc0,0x00000000f4700000)
  to   space 8704K, 0% used [0x00000000f6e80000,0x00000000f6e80000,0x00000000f7700000)
 ParOldGen       total 37888K, used 20797K [0x00000000c2400000, 0x00000000c4900000, 0x00000000eb700000)
  object space 37888K, 54% used [0x00000000c2400000,0x00000000c384f6b8,0x00000000c4900000)
 Metaspace       used 31562K, capacity 32054K, committed 32512K, reserved 1077248K
  class space    used 3607K, capacity 3749K, committed 3840K, reserved 1048576K
Event: 152.726 GC heap after
Heap after GC invocations=21 (full 1):
 PSYoungGen      total 182784K, used 6089K [0x00000000eb700000, 0x00000000f7500000, 0x0000000100000000)
  eden space 176128K, 0% used [0x00000000eb700000,0x00000000eb700000,0x00000000f6300000)
  from space 6656K, 91% used [0x00000000f6e80000,0x00000000f7472680,0x00000000f7500000)
  to   space 9216K, 0% used [0x00000000f6300000,0x00000000f6300000,0x00000000f6c00000)
 ParOldGen       total 37888K, used 24261K [0x00000000c2400000, 0x00000000c4900000, 0x00000000eb700000)
  object space 37888K, 64% used [0x00000000c2400000,0x00000000c3bb1650,0x00000000c4900000)
 Metaspace       used 31562K, capacity 32054K, committed 32512K, reserved 1077248K
  class space    used 3607K, capacity 3749K, committed 3840K, reserved 1048576K
}
Event: 174.941 GC heap before
{Heap before GC invocations=22 (full 1):
 PSYoungGen      total 182784K, used 182217K [0x00000000eb700000, 0x00000000f7500000, 0x0000000100000000)
  eden space 176128K, 100% used [0x00000000eb700000,0x00000000f6300000,0x00000000f6300000)
  from space 6656K, 91% used [0x00000000f6e80000,0x00000000f7472680,0x00000000f7500000)
  to   space 9216K, 0% used [0x00000000f6300000,0x00000000f6300000,0x00000000f6c00000)
 ParOldGen       total 37888K, used 24261K [0x00000000c2400000, 0x00000000c4900000, 0x00000000eb700000)
  object space 37888K, 64% used [0x00000000c2400000,0x00000000c3bb1650,0x00000000c4900000)
 Metaspace       used 32007K, capacity 32534K, committed 32768K, reserved 1079296K
  class space    used 3620K, capacity 3781K, committed 3840K, reserved 1048576K

