# JRE version: OpenJDK Runtime Environment (8.0_232-b09) (build 1.8.0_232-8u232-b09-0ubuntu1~18.04.1-b09)
# Java VM: OpenJDK 64-Bit Server VM (25.232-b09 mixed mode linux-amd64 compressed oops)
Heap:
 PSYoungGen      total 262144K, used 11096K [0x00000000eb700000, 0x00000000fc600000, 0x0000000100000000)
  eden space 248832K, 0% used [0x00000000eb700000,0x00000000eb700000,0x00000000faa00000)
  from space 13312K, 83% used [0x00000000faa00000,0x00000000fb4d6218,0x00000000fb700000)
  to   space 9728K, 0% used [0x00000000fb700000,0x00000000fb700000,0x00000000fc080000)
 ParOldGen       total 35328K, used 28184K [0x00000000c2400000, 0x00000000c4680000, 0x00000000eb700000)
  object space 35328K, 79% used [0x00000000c2400000,0x00000000c3f86238,0x00000000c4680000)
 Metaspace       used 33038K, capacity 33556K, committed 33920K, reserved 1079296K
  class space    used 3711K, capacity 3888K, committed 3968K, reserved 1048576K
GC Heap History (10 events):
Event: 31.962 GC heap after
Heap after GC invocations=15 (full 1):
 PSYoungGen      total 138752K, used 0K [0x00000000eb700000, 0x00000000f4600000, 0x0000000100000000)
  eden space 131072K, 0% used [0x00000000eb700000,0x00000000eb700000,0x00000000f3700000)
  from space 7680K, 0% used [0x00000000f3e80000,0x00000000f3e80000,0x00000000f4600000)
  to   space 7680K, 0% used [0x00000000f3700000,0x00000000f3700000,0x00000000f3e80000)
 ParOldGen       total 35328K, used 12490K [0x00000000c2400000, 0x00000000c4680000, 0x00000000eb700000)
  object space 35328K, 35% used [0x00000000c2400000,0x00000000c3032820,0x00000000c4680000)
 Metaspace       used 20689K, capacity 21028K, committed 21296K, reserved 1069056K
  class space    used 2296K, capacity 2396K, committed 2432K, reserved 1048576K
}
Event: 41.103 GC heap before
{Heap before GC invocations=16 (full 1):
 PSYoungGen      total 138752K, used 131072K [0x00000000eb700000, 0x00000000f4600000, 0x0000000100000000)
  eden space 131072K, 100% used [0x00000000eb700000,0x00000000f3700000,0x00000000f3700000)
  from space 7680K, 0% used [0x00000000f3e80000,0x00000000f3e80000,0x00000000f4600000)
  to   space 7680K, 0% used [0x00000000f3700000,0x00000000f3700000,0x00000000f3e80000)
 ParOldGen       total 35328K, used 12490K [0x00000000c2400000, 0x00000000c4680000, 0x00000000eb700000)
  object space 35328K, 35% used [0x00000000c2400000,0x00000000c3032820,0x00000000c4680000)
 Metaspace       used 24957K, capacity 25258K, committed 25472K, reserved 1071104K
  class space    used 2835K, capacity 2909K, committed 2944K, reserved 1048576K
Event: 41.111 GC heap after
Heap after GC invocations=16 (full 1):
 PSYoungGen      total 138752K, used 3707K [0x00000000eb700000, 0x00000000f8400000, 0x0000000100000000)
  eden space 131072K, 0% used [0x00000000eb700000,0x00000000eb700000,0x00000000f3700000)
  from space 7680K, 48% used [0x00000000f3700000,0x00000000f3a9ef90,0x00000000f3e80000)
  to   space 7168K, 0% used [0x00000000f7d00000,0x00000000f7d00000,0x00000000f8400000)
 ParOldGen       total 35328K, used 12498K [0x00000000c2400000, 0x00000000c4680000, 0x00000000eb700000)
  object space 35328K, 35% used [0x00000000c2400000,0x00000000c3034820,0x00000000c4680000)
 Metaspace       used 24957K, capacity 25258K, committed 25472K, reserved 1071104K
  class space    used 2835K, capacity 2909K, committed 2944K, reserved 1048576K
}
Event: 45.808 GC heap before
{Heap before GC invocations=17 (full 1):
 PSYoungGen      total 138752K, used 134779K [0x00000000eb700000, 0x00000000f8400000, 0x0000000100000000)
  eden space 131072K, 100% used [0x00000000eb700000,0x00000000f3700000,0x00000000f3700000)
  from space 7680K, 48% used [0x00000000f3700000,0x00000000f3a9ef90,0x00000000f3e80000)
  to   space 7168K, 0% used [0x00000000f7d00000,0x00000000f7d00000,0x00000000f8400000)
 ParOldGen       total 35328K, used 12498K [0x00000000c2400000, 0x00000000c4680000, 0x00000000eb700000)
  object space 35328K, 35% used [0x00000000c2400000,0x00000000c3034820,0x00000000c4680000)
 Metaspace       used 26468K, capacity 26826K, committed 27008K, reserved 1073152K
  class space    used 3005K, capacity 3149K, committed 3200K, reserved 1048576K
Event: 45.822 GC heap after
Heap after GC invocations=17 (full 1):
 PSYoungGen      total 200192K, used 7158K [0x00000000eb700000, 0x00000000f8580000, 0x0000000100000000)
  eden space 193024K, 0% used [0x00000000eb700000,0x00000000eb700000,0x00000000f7380000)
  from space 7168K, 99% used [0x00000000f7d00000,0x00000000f83fdb60,0x00000000f8400000)
  to   space 9216K, 0% used [0x00000000f7380000,0x00000000f7380000,0x00000000f7c80000)
 ParOldGen       total 35328K, used 15190K [0x00000000c2400000, 0x00000000c4680000, 0x00000000eb700000)
  object space 35328K, 42% used [0x00000000c2400000,0x00000000c32d5838,0x00000000c4680000)
 Metaspace       used 26468K, capacity 26826K, committed 27008K, reserved 1073152K
  class space    used 3005K, capacity 3149K, committed 3200K, reserved 1048576K
}
Event: 50.601 GC heap before
{Heap before GC invocations=18 (full 1):
 PSYoungGen      total 200192K, used 200182K [0x00000000eb700000, 0x00000000f8580000, 0x0000000100000000)
  eden space 193024K, 100% used [0x00000000eb700000,0x00000000f7380000,0x00000000f7380000)
  from space 7168K, 99% used [0x00000000f7d00000,0x00000000f83fdb60,0x00000000f8400000)
  to   space 9216K, 0% used [0x00000000f7380000,0x00000000f7380000,0x00000000f7c80000)
 ParOldGen       total 35328K, used 15190K [0x00000000c2400000, 0x00000000c4680000, 0x00000000eb700000)
  object space 35328K, 42% used [0x00000000c2400000,0x00000000c32d5838,0x00000000c4680000)
 Metaspace       used 29622K, capacity 30036K, committed 30336K, reserved 1077248K
  class space    used 3311K, capacity 3444K, committed 3456K, reserved 1048576K
Event: 50.631 GC heap after
Heap after GC invocations=18 (full 1):
 PSYoungGen      total 202240K, used 6487K [0x00000000eb700000, 0x00000000fc080000, 0x0000000100000000)
  eden space 193024K, 0% used [0x00000000eb700000,0x00000000eb700000,0x00000000f7380000)
  from space 9216K, 70% used [0x00000000f7380000,0x00000000f79d5fc0,0x00000000f7c80000)
  to   space 9728K, 0% used [0x00000000fb700000,0x00000000fb700000,0x00000000fc080000)
 ParOldGen       total 35328K, used 18870K [0x00000000c2400000, 0x00000000c4680000, 0x00000000eb700000)
  object space 35328K, 53% used [0x00000000c2400000,0x00000000c366d888,0x00000000c4680000)
 Metaspace       used 29622K, capacity 30036K, committed 30336K, reserved 1077248K
  class space    used 3311K, capacity 3444K, committed 3456K, reserved 1048576K
}
Event: 59.821 GC heap before
{Heap before GC invocations=19 (full 1):
 PSYoungGen      total 202240K, used 199511K [0x00000000eb700000, 0x00000000fc080000, 0x0000000100000000)
  eden space 193024K, 100% used [0x00000000eb700000,0x00000000f7380000,0x00000000f7380000)
  from space 9216K, 70% used [0x00000000f7380000,0x00000000f79d5fc0,0x00000000f7c80000)
  to   space 9728K, 0% used [0x00000000fb700000,0x00000000fb700000,0x00000000fc080000)
 ParOldGen       total 35328K, used 18870K [0x00000000c2400000, 0x00000000c4680000, 0x00000000eb700000)
  object space 35328K, 53% used [0x00000000c2400000,0x00000000c366d888,0x00000000c4680000)
 Metaspace       used 31592K, capacity 31990K, committed 32256K, reserved 1077248K
  class space    used 3607K, capacity 3749K, committed 3840K, reserved 1048576K
Event: 59.869 GC heap after
Heap after GC invocations=19 (full 1):
 PSYoungGen      total 258560K, used 9708K [0x00000000eb700000, 0x00000000fc600000, 0x0000000100000000)
  eden space 248832K, 0% used [0x00000000eb700000,0x00000000eb700000,0x00000000faa00000)
  from space 9728K, 99% used [0x00000000fb700000,0x00000000fc07b038,0x00000000fc080000)
  to   space 13312K, 0% used [0x00000000faa00000,0x00000000faa00000,0x00000000fb700000)
 ParOldGen       total 35328K, used 24239K [0x00000000c2400000, 0x00000000c4680000, 0x00000000eb700000)
  object space 35328K, 68% used [0x00000000c2400000,0x00000000c3babe08,0x00000000c4680000)
 Metaspace       used 31592K, capacity 31990K, committed 32256K, reserved 1077248K
  class space    used 3607K, capacity 3749K, committed 3840K, reserved 1048576K
}
Event: 104.338 GC heap before
{Heap before GC invocations=20 (full 1):
 PSYoungGen      total 258560K, used 258540K [0x00000000eb700000, 0x00000000fc600000, 0x0000000100000000)
  eden space 248832K, 100% used [0x00000000eb700000,0x00000000faa00000,0x00000000faa00000)
  from space 9728K, 99% used [0x00000000fb700000,0x00000000fc07b038,0x00000000fc080000)
  to   space 13312K, 0% used [0x00000000faa00000,0x00000000faa00000,0x00000000fb700000)
 ParOldGen       total 35328K, used 24239K [0x00000000c2400000, 0x00000000c4680000, 0x00000000eb700000)
  object space 35328K, 68% used [0x00000000c2400000,0x00000000c3babe08,0x00000000c4680000)
 Metaspace       used 33038K, capacity 33556K, committed 33920K, reserved 1079296K
  class space    used 3711K, capacity 3888K, committed 3968K, reserved 1048576K

