# JRE version: OpenJDK Runtime Environment (8.0_232-b09) (build 1.8.0_232-8u232-b09-0ubuntu1~18.04.1-b09)
# Java VM: OpenJDK 64-Bit Server VM (25.232-b09 mixed mode linux-amd64 compressed oops)
Heap:
 PSYoungGen      total 257536K, used 11236K [0x00000000eb700000, 0x00000000fbd80000, 0x0000000100000000)
  eden space 246272K, 0% used [0x00000000eb700000,0x00000000eb700000,0x00000000fa780000)
  from space 11264K, 99% used [0x00000000fa780000,0x00000000fb2792f0,0x00000000fb280000)
  to   space 9728K, 0% used [0x00000000fb400000,0x00000000fb400000,0x00000000fbd80000)
 ParOldGen       total 36352K, used 28118K [0x00000000c2400000, 0x00000000c4780000, 0x00000000eb700000)
  object space 36352K, 77% used [0x00000000c2400000,0x00000000c3f758d0,0x00000000c4780000)
 Metaspace       used 33003K, capacity 33428K, committed 33664K, reserved 1079296K
  class space    used 3711K, capacity 3888K, committed 3968K, reserved 1048576K
GC Heap History (10 events):
Event: 21.296 GC heap after
Heap after GC invocations=15 (full 1):
 PSYoungGen      total 138752K, used 0K [0x00000000eb700000, 0x00000000f4600000, 0x0000000100000000)
  eden space 131072K, 0% used [0x00000000eb700000,0x00000000eb700000,0x00000000f3700000)
  from space 7680K, 0% used [0x00000000f3e80000,0x00000000f3e80000,0x00000000f4600000)
  to   space 7680K, 0% used [0x00000000f3700000,0x00000000f3700000,0x00000000f3e80000)
 ParOldGen       total 36352K, used 12696K [0x00000000c2400000, 0x00000000c4780000, 0x00000000eb700000)
  object space 36352K, 34% used [0x00000000c2400000,0x00000000c3066048,0x00000000c4780000)
 Metaspace       used 20700K, capacity 21028K, committed 21296K, reserved 1069056K
  class space    used 2296K, capacity 2396K, committed 2432K, reserved 1048576K
}
Event: 25.453 GC heap before
{Heap before GC invocations=16 (full 1):
 PSYoungGen      total 138752K, used 131072K [0x00000000eb700000, 0x00000000f4600000, 0x0000000100000000)
  eden space 131072K, 100% used [0x00000000eb700000,0x00000000f3700000,0x00000000f3700000)
  from space 7680K, 0% used [0x00000000f3e80000,0x00000000f3e80000,0x00000000f4600000)
  to   space 7680K, 0% used [0x00000000f3700000,0x00000000f3700000,0x00000000f3e80000)
 ParOldGen       total 36352K, used 12696K [0x00000000c2400000, 0x00000000c4780000, 0x00000000eb700000)
  object space 36352K, 34% used [0x00000000c2400000,0x00000000c3066048,0x00000000c4780000)
 Metaspace       used 24879K, capacity 25130K, committed 25472K, reserved 1071104K
  class space    used 2827K, capacity 2909K, committed 2944K, reserved 1048576K
Event: 25.463 GC heap after
Heap after GC invocations=16 (full 1):
 PSYoungGen      total 138752K, used 3598K [0x00000000eb700000, 0x00000000f7e80000, 0x0000000100000000)
  eden space 131072K, 0% used [0x00000000eb700000,0x00000000eb700000,0x00000000f3700000)
  from space 7680K, 46% used [0x00000000f3700000,0x00000000f3a83bf0,0x00000000f3e80000)
  to   space 7168K, 0% used [0x00000000f7780000,0x00000000f7780000,0x00000000f7e80000)
 ParOldGen       total 36352K, used 12704K [0x00000000c2400000, 0x00000000c4780000, 0x00000000eb700000)
  object space 36352K, 34% used [0x00000000c2400000,0x00000000c3068048,0x00000000c4780000)
 Metaspace       used 24879K, capacity 25130K, committed 25472K, reserved 1071104K
  class space    used 2827K, capacity 2909K, committed 2944K, reserved 1048576K
}
Event: 33.399 GC heap before
{Heap before GC invocations=17 (full 1):
 PSYoungGen      total 138752K, used 134670K [0x00000000eb700000, 0x00000000f7e80000, 0x0000000100000000)
  eden space 131072K, 100% used [0x00000000eb700000,0x00000000f3700000,0x00000000f3700000)
  from space 7680K, 46% used [0x00000000f3700000,0x00000000f3a83bf0,0x00000000f3e80000)
  to   space 7168K, 0% used [0x00000000f7780000,0x00000000f7780000,0x00000000f7e80000)
 ParOldGen       total 36352K, used 12704K [0x00000000c2400000, 0x00000000c4780000, 0x00000000eb700000)
  object space 36352K, 34% used [0x00000000c2400000,0x00000000c3068048,0x00000000c4780000)
 Metaspace       used 26485K, capacity 26890K, committed 27264K, reserved 1073152K
  class space    used 3005K, capacity 3149K, committed 3200K, reserved 1048576K
Event: 33.979 GC heap after
Heap after GC invocations=17 (full 1):
 PSYoungGen      total 195072K, used 7158K [0x00000000eb700000, 0x00000000f8b00000, 0x0000000100000000)
  eden space 187904K, 0% used [0x00000000eb700000,0x00000000eb700000,0x00000000f6e80000)
  from space 7168K, 99% used [0x00000000f7780000,0x00000000f7e7db40,0x00000000f7e80000)
  to   space 9216K, 0% used [0x00000000f6e80000,0x00000000f6e80000,0x00000000f7780000)
 ParOldGen       total 36352K, used 15479K [0x00000000c2400000, 0x00000000c4780000, 0x00000000eb700000)
  object space 36352K, 42% used [0x00000000c2400000,0x00000000c331dc28,0x00000000c4780000)
 Metaspace       used 26485K, capacity 26890K, committed 27264K, reserved 1073152K
  class space    used 3005K, capacity 3149K, committed 3200K, reserved 1048576K
}
Event: 276.927 GC heap before
{Heap before GC invocations=18 (full 1):
 PSYoungGen      total 195072K, used 195062K [0x00000000eb700000, 0x00000000f8b00000, 0x0000000100000000)
  eden space 187904K, 100% used [0x00000000eb700000,0x00000000f6e80000,0x00000000f6e80000)
  from space 7168K, 99% used [0x00000000f7780000,0x00000000f7e7db40,0x00000000f7e80000)
  to   space 9216K, 0% used [0x00000000f6e80000,0x00000000f6e80000,0x00000000f7780000)
 ParOldGen       total 36352K, used 15479K [0x00000000c2400000, 0x00000000c4780000, 0x00000000eb700000)
  object space 36352K, 42% used [0x00000000c2400000,0x00000000c331dc28,0x00000000c4780000)
 Metaspace       used 29501K, capacity 29876K, committed 30080K, reserved 1075200K
  class space    used 3291K, capacity 3412K, committed 3456K, reserved 1048576K
Event: 277.441 GC heap after
Heap after GC invocations=18 (full 1):
 PSYoungGen      total 197120K, used 6423K [0x00000000eb700000, 0x00000000fbd80000, 0x0000000100000000)
  eden space 187904K, 0% used [0x00000000eb700000,0x00000000eb700000,0x00000000f6e80000)
  from space 9216K, 69% used [0x00000000f6e80000,0x00000000f74c5fc0,0x00000000f7780000)
  to   space 9728K, 0% used [0x00000000fb400000,0x00000000fb400000,0x00000000fbd80000)
 ParOldGen       total 36352K, used 19159K [0x00000000c2400000, 0x00000000c4780000, 0x00000000eb700000)
  object space 36352K, 52% used [0x00000000c2400000,0x00000000c36b5c78,0x00000000c4780000)
 Metaspace       used 29501K, capacity 29876K, committed 30080K, reserved 1075200K
  class space    used 3291K, capacity 3412K, committed 3456K, reserved 1048576K
}
Event: 627.370 GC heap before
{Heap before GC invocations=19 (full 1):
 PSYoungGen      total 197120K, used 194327K [0x00000000eb700000, 0x00000000fbd80000, 0x0000000100000000)
  eden space 187904K, 100% used [0x00000000eb700000,0x00000000f6e80000,0x00000000f6e80000)
  from space 9216K, 69% used [0x00000000f6e80000,0x00000000f74c5fc0,0x00000000f7780000)
  to   space 9728K, 0% used [0x00000000fb400000,0x00000000fb400000,0x00000000fbd80000)
 ParOldGen       total 36352K, used 19159K [0x00000000c2400000, 0x00000000c4780000, 0x00000000eb700000)
  object space 36352K, 52% used [0x00000000c2400000,0x00000000c36b5c78,0x00000000c4780000)
 Metaspace       used 31556K, capacity 31990K, committed 32256K, reserved 1077248K
  class space    used 3605K, capacity 3749K, committed 3840K, reserved 1048576K
Event: 627.691 GC heap after
Heap after GC invocations=19 (full 1):
 PSYoungGen      total 256000K, used 9681K [0x00000000eb700000, 0x00000000fbd80000, 0x0000000100000000)
  eden space 246272K, 0% used [0x00000000eb700000,0x00000000eb700000,0x00000000fa780000)
  from space 9728K, 99% used [0x00000000fb400000,0x00000000fbd74650,0x00000000fbd80000)
  to   space 11264K, 0% used [0x00000000fa780000,0x00000000fa780000,0x00000000fb280000)
 ParOldGen       total 36352K, used 24227K [0x00000000c2400000, 0x00000000c4780000, 0x00000000eb700000)
  object space 36352K, 66% used [0x00000000c2400000,0x00000000c3ba8ec0,0x00000000c4780000)
 Metaspace       used 31556K, capacity 31990K, committed 32256K, reserved 1077248K
  class space    used 3605K, capacity 3749K, committed 3840K, reserved 1048576K
}
Event: 1037.914 GC heap before
{Heap before GC invocations=20 (full 1):
 PSYoungGen      total 256000K, used 255953K [0x00000000eb700000, 0x00000000fbd80000, 0x0000000100000000)
  eden space 246272K, 100% used [0x00000000eb700000,0x00000000fa780000,0x00000000fa780000)
  from space 9728K, 99% used [0x00000000fb400000,0x00000000fbd74650,0x00000000fbd80000)
  to   space 11264K, 0% used [0x00000000fa780000,0x00000000fa780000,0x00000000fb280000)
 ParOldGen       total 36352K, used 24227K [0x00000000c2400000, 0x00000000c4780000, 0x00000000eb700000)
  object space 36352K, 66% used [0x00000000c2400000,0x00000000c3ba8ec0,0x00000000c4780000)
 Metaspace       used 33003K, capacity 33428K, committed 33664K, reserved 1079296K
  class space    used 3711K, capacity 3888K, committed 3968K, reserved 1048576K

