# JRE version: OpenJDK Runtime Environment (8.0_232-b09) (build 1.8.0_232-8u232-b09-0ubuntu1~18.04.1-b09)
# Java VM: OpenJDK 64-Bit Server VM (25.232-b09 mixed mode linux-amd64 compressed oops)
Heap:
 PSYoungGen      total 283648K, used 0K [0x00000000eb700000, 0x00000000ff880000, 0x0000000100000000)
  eden space 270848K, 0% used [0x00000000eb700000,0x00000000eb700000,0x00000000fbf80000)
  from space 12800K, 0% used [0x00000000fec00000,0x00000000fec00000,0x00000000ff880000)
  to   space 25600K, 0% used [0x00000000fc680000,0x00000000fc680000,0x00000000fdf80000)
 ParOldGen       total 79360K, used 75128K [0x00000000c2400000, 0x00000000c7180000, 0x00000000eb700000)
  object space 79360K, 94% used [0x00000000c2400000,0x00000000c6d5e128,0x00000000c7180000)
 Metaspace       used 34504K, capacity 35042K, committed 41216K, reserved 1085440K
  class space    used 3597K, capacity 3813K, committed 4608K, reserved 1048576K
GC Heap History (10 events):
Event: 45.022 GC heap after
Heap after GC invocations=22 (full 2):
 PSYoungGen      total 316928K, used 7175K [0x00000000eb700000, 0x0000000100000000, 0x0000000100000000)
  eden space 304128K, 0% used [0x00000000eb700000,0x00000000eb700000,0x00000000fe000000)
  from space 12800K, 56% used [0x00000000fed80000,0x00000000ff481e40,0x00000000ffa00000)
  to   space 13824K, 0% used [0x00000000fe000000,0x00000000fe000000,0x00000000fed80000)
 ParOldGen       total 79360K, used 36421K [0x00000000c2400000, 0x00000000c7180000, 0x00000000eb700000)
  object space 79360K, 45% used [0x00000000c2400000,0x00000000c47914d8,0x00000000c7180000)
 Metaspace       used 34652K, capacity 35140K, committed 35496K, reserved 1081344K
  class space    used 3851K, capacity 4052K, committed 4096K, reserved 1048576K
}
Event: 117.323 GC heap before
{Heap before GC invocations=23 (full 2):
 PSYoungGen      total 316928K, used 311303K [0x00000000eb700000, 0x0000000100000000, 0x0000000100000000)
  eden space 304128K, 100% used [0x00000000eb700000,0x00000000fe000000,0x00000000fe000000)
  from space 12800K, 56% used [0x00000000fed80000,0x00000000ff481e40,0x00000000ffa00000)
  to   space 13824K, 0% used [0x00000000fe000000,0x00000000fe000000,0x00000000fed80000)
 ParOldGen       total 79360K, used 36421K [0x00000000c2400000, 0x00000000c7180000, 0x00000000eb700000)
  object space 79360K, 45% used [0x00000000c2400000,0x00000000c47914d8,0x00000000c7180000)
 Metaspace       used 36025K, capacity 36610K, committed 36992K, reserved 1081344K
  class space    used 3960K, capacity 4159K, committed 4224K, reserved 1048576K
Event: 117.543 GC heap after
Heap after GC invocations=23 (full 2):
 PSYoungGen      total 317952K, used 13818K [0x00000000eb700000, 0x0000000100000000, 0x0000000100000000)
  eden space 304128K, 0% used [0x00000000eb700000,0x00000000eb700000,0x00000000fe000000)
  from space 13824K, 99% used [0x00000000fe000000,0x00000000fed7eb00,0x00000000fed80000)
  to   space 17920K, 0% used [0x00000000fee80000,0x00000000fee80000,0x0000000100000000)
 ParOldGen       total 79360K, used 42105K [0x00000000c2400000, 0x00000000c7180000, 0x00000000eb700000)
  object space 79360K, 53% used [0x00000000c2400000,0x00000000c4d1e668,0x00000000c7180000)
 Metaspace       used 36025K, capacity 36610K, committed 36992K, reserved 1081344K
  class space    used 3960K, capacity 4159K, committed 4224K, reserved 1048576K
}
Event: 657.778 GC heap before
{Heap before GC invocations=24 (full 2):
 PSYoungGen      total 317952K, used 317946K [0x00000000eb700000, 0x0000000100000000, 0x0000000100000000)
  eden space 304128K, 100% used [0x00000000eb700000,0x00000000fe000000,0x00000000fe000000)
  from space 13824K, 99% used [0x00000000fe000000,0x00000000fed7eb00,0x00000000fed80000)
  to   space 17920K, 0% used [0x00000000fee80000,0x00000000fee80000,0x0000000100000000)
 ParOldGen       total 79360K, used 42105K [0x00000000c2400000, 0x00000000c7180000, 0x00000000eb700000)
  object space 79360K, 53% used [0x00000000c2400000,0x00000000c4d1e668,0x00000000c7180000)
 Metaspace       used 37264K, capacity 37882K, committed 38400K, reserved 1083392K
  class space    used 4050K, capacity 4265K, committed 4352K, reserved 1048576K
Event: 657.852 GC heap after
Heap after GC invocations=24 (full 2):
 PSYoungGen      total 313856K, used 16245K [0x00000000eb700000, 0x0000000100000000, 0x0000000100000000)
  eden space 295936K, 0% used [0x00000000eb700000,0x00000000eb700000,0x00000000fd800000)
  from space 17920K, 90% used [0x00000000fee80000,0x00000000ffe5d778,0x0000000100000000)
  to   space 20480K, 0% used [0x00000000fd800000,0x00000000fd800000,0x00000000fec00000)
 ParOldGen       total 79360K, used 53514K [0x00000000c2400000, 0x00000000c7180000, 0x00000000eb700000)
  object space 79360K, 67% used [0x00000000c2400000,0x00000000c5842bd8,0x00000000c7180000)
 Metaspace       used 37264K, capacity 37882K, committed 38400K, reserved 1083392K
  class space    used 4050K, capacity 4265K, committed 4352K, reserved 1048576K
}
Event: 5265.622 GC heap before
{Heap before GC invocations=25 (full 2):
 PSYoungGen      total 313856K, used 312181K [0x00000000eb700000, 0x0000000100000000, 0x0000000100000000)
  eden space 295936K, 100% used [0x00000000eb700000,0x00000000fd800000,0x00000000fd800000)
  from space 17920K, 90% used [0x00000000fee80000,0x00000000ffe5d778,0x0000000100000000)
  to   space 20480K, 0% used [0x00000000fd800000,0x00000000fd800000,0x00000000fec00000)
 ParOldGen       total 79360K, used 53514K [0x00000000c2400000, 0x00000000c7180000, 0x00000000eb700000)
  object space 79360K, 67% used [0x00000000c2400000,0x00000000c5842bd8,0x00000000c7180000)
 Metaspace       used 38503K, capacity 39154K, committed 39552K, reserved 1085440K
  class space    used 4140K, capacity 4371K, committed 4480K, reserved 1048576K
Event: 5265.983 GC heap after
Heap after GC invocations=25 (full 2):
 PSYoungGen      total 303616K, used 20470K [0x00000000eb700000, 0x00000000ffe80000, 0x0000000100000000)
  eden space 283136K, 0% used [0x00000000eb700000,0x00000000eb700000,0x00000000fcb80000)
  from space 20480K, 99% used [0x00000000fd800000,0x00000000febfdb40,0x00000000fec00000)
  to   space 18944K, 0% used [0x00000000fec00000,0x00000000fec00000,0x00000000ffe80000)
 ParOldGen       total 79360K, used 59883K [0x00000000c2400000, 0x00000000c7180000, 0x00000000eb700000)
  object space 79360K, 75% used [0x00000000c2400000,0x00000000c5e7acb8,0x00000000c7180000)
 Metaspace       used 38503K, capacity 39154K, committed 39552K, reserved 1085440K
  class space    used 4140K, capacity 4371K, committed 4480K, reserved 1048576K
}
Event: 6371.692 GC heap before
{Heap before GC invocations=26 (full 2):
 PSYoungGen      total 303616K, used 303606K [0x00000000eb700000, 0x00000000ffe80000, 0x0000000100000000)
  eden space 283136K, 100% used [0x00000000eb700000,0x00000000fcb80000,0x00000000fcb80000)
  from space 20480K, 99% used [0x00000000fd800000,0x00000000febfdb40,0x00000000fec00000)
  to   space 18944K, 0% used [0x00000000fec00000,0x00000000fec00000,0x00000000ffe80000)
 ParOldGen       total 79360K, used 59883K [0x00000000c2400000, 0x00000000c7180000, 0x00000000eb700000)
  object space 79360K, 75% used [0x00000000c2400000,0x00000000c5e7acb8,0x00000000c7180000)
 Metaspace       used 40041K, capacity 40778K, committed 41216K, reserved 1085440K
  class space    used 4243K, capacity 4509K, committed 4608K, reserved 1048576K
Event: 6372.036 GC heap after
Heap after GC invocations=26 (full 2):
 PSYoungGen      total 283648K, used 12707K [0x00000000eb700000, 0x00000000ff880000, 0x0000000100000000)
  eden space 270848K, 0% used [0x00000000eb700000,0x00000000eb700000,0x00000000fbf80000)
  from space 12800K, 99% used [0x00000000fec00000,0x00000000ff868ce0,0x00000000ff880000)
  to   space 25600K, 0% used [0x00000000fc680000,0x00000000fc680000,0x00000000fdf80000)
 ParOldGen       total 79360K, used 76935K [0x00000000c2400000, 0x00000000c7180000, 0x00000000eb700000)
  object space 79360K, 96% used [0x00000000c2400000,0x00000000c6f21cd8,0x00000000c7180000)
 Metaspace       used 40041K, capacity 40778K, committed 41216K, reserved 1085440K
  class space    used 4243K, capacity 4509K, committed 4608K, reserved 1048576K
}
Event: 6372.045 GC heap before
{Heap before GC invocations=27 (full 3):
 PSYoungGen      total 283648K, used 12707K [0x00000000eb700000, 0x00000000ff880000, 0x0000000100000000)
  eden space 270848K, 0% used [0x00000000eb700000,0x00000000eb700000,0x00000000fbf80000)
  from space 12800K, 99% used [0x00000000fec00000,0x00000000ff868ce0,0x00000000ff880000)
  to   space 25600K, 0% used [0x00000000fc680000,0x00000000fc680000,0x00000000fdf80000)
 ParOldGen       total 79360K, used 76935K [0x00000000c2400000, 0x00000000c7180000, 0x00000000eb700000)
  object space 79360K, 96% used [0x00000000c2400000,0x00000000c6f21cd8,0x00000000c7180000)
 Metaspace       used 40041K, capacity 40778K, committed 41216K, reserved 1085440K
  class space    used 4243K, capacity 4509K, committed 4608K, reserved 1048576K

