# JRE version: OpenJDK Runtime Environment (8.0_232-b09) (build 1.8.0_232-8u232-b09-0ubuntu1~18.04.1-b09)
# Java VM: OpenJDK 64-Bit Server VM (25.232-b09 mixed mode linux-amd64 compressed oops)
Heap:
 PSYoungGen      total 310784K, used 0K [0x00000000eb700000, 0x0000000100000000, 0x0000000100000000)
  eden space 291840K, 0% used [0x00000000eb700000,0x00000000eb700000,0x00000000fd400000)
  from space 18944K, 0% used [0x00000000fed80000,0x00000000fed80000,0x0000000100000000)
  to   space 22528K, 0% used [0x00000000fd400000,0x00000000fd400000,0x00000000fea00000)
 ParOldGen       total 70656K, used 69106K [0x00000000c2400000, 0x00000000c6900000, 0x00000000eb700000)
  object space 70656K, 97% used [0x00000000c2400000,0x00000000c677c830,0x00000000c6900000)
 Metaspace       used 33110K, capacity 33626K, committed 35496K, reserved 1081344K
  class space    used 3513K, capacity 3711K, committed 4096K, reserved 1048576K
GC Heap History (10 events):
Event: 15.864 GC heap after
Heap after GC invocations=16 (full 1):
 PSYoungGen      total 320000K, used 4908K [0x00000000eb700000, 0x0000000100000000, 0x0000000100000000)
  eden space 303104K, 0% used [0x00000000eb700000,0x00000000eb700000,0x00000000fdf00000)
  from space 16896K, 29% used [0x00000000fdf00000,0x00000000fe3cb248,0x00000000fef80000)
  to   space 16896K, 0% used [0x00000000fef80000,0x00000000fef80000,0x0000000100000000)
 ParOldGen       total 39936K, used 39406K [0x00000000c2400000, 0x00000000c4b00000, 0x00000000eb700000)
  object space 39936K, 98% used [0x00000000c2400000,0x00000000c4a7bb58,0x00000000c4b00000)
 Metaspace       used 34655K, capacity 35186K, committed 35496K, reserved 1081344K
  class space    used 3849K, capacity 4028K, committed 4096K, reserved 1048576K
}
Event: 15.864 GC heap before
{Heap before GC invocations=17 (full 2):
 PSYoungGen      total 320000K, used 4908K [0x00000000eb700000, 0x0000000100000000, 0x0000000100000000)
  eden space 303104K, 0% used [0x00000000eb700000,0x00000000eb700000,0x00000000fdf00000)
  from space 16896K, 29% used [0x00000000fdf00000,0x00000000fe3cb248,0x00000000fef80000)
  to   space 16896K, 0% used [0x00000000fef80000,0x00000000fef80000,0x0000000100000000)
 ParOldGen       total 39936K, used 39406K [0x00000000c2400000, 0x00000000c4b00000, 0x00000000eb700000)
  object space 39936K, 98% used [0x00000000c2400000,0x00000000c4a7bb58,0x00000000c4b00000)
 Metaspace       used 34655K, capacity 35186K, committed 35496K, reserved 1081344K
  class space    used 3849K, capacity 4028K, committed 4096K, reserved 1048576K
Event: 16.035 GC heap after
Heap after GC invocations=17 (full 2):
 PSYoungGen      total 320000K, used 0K [0x00000000eb700000, 0x0000000100000000, 0x0000000100000000)
  eden space 303104K, 0% used [0x00000000eb700000,0x00000000eb700000,0x00000000fdf00000)
  from space 16896K, 0% used [0x00000000fdf00000,0x00000000fdf00000,0x00000000fef80000)
  to   space 16896K, 0% used [0x00000000fef80000,0x00000000fef80000,0x0000000100000000)
 ParOldGen       total 70656K, used 34401K [0x00000000c2400000, 0x00000000c6900000, 0x00000000eb700000)
  object space 70656K, 48% used [0x00000000c2400000,0x00000000c45986b0,0x00000000c6900000)
 Metaspace       used 29209K, capacity 29616K, committed 35496K, reserved 1081344K
  class space    used 3219K, capacity 3361K, committed 4096K, reserved 1048576K
}
Event: 17.491 GC heap before
{Heap before GC invocations=18 (full 2):
 PSYoungGen      total 320000K, used 303104K [0x00000000eb700000, 0x0000000100000000, 0x0000000100000000)
  eden space 303104K, 100% used [0x00000000eb700000,0x00000000fdf00000,0x00000000fdf00000)
  from space 16896K, 0% used [0x00000000fdf00000,0x00000000fdf00000,0x00000000fef80000)
  to   space 16896K, 0% used [0x00000000fef80000,0x00000000fef80000,0x0000000100000000)
 ParOldGen       total 70656K, used 34401K [0x00000000c2400000, 0x00000000c6900000, 0x00000000eb700000)
  object space 70656K, 48% used [0x00000000c2400000,0x00000000c45986b0,0x00000000c6900000)
 Metaspace       used 30662K, capacity 31130K, committed 35496K, reserved 1081344K
  class space    used 3338K, capacity 3507K, committed 4096K, reserved 1048576K
Event: 17.507 GC heap after
Heap after GC invocations=18 (full 2):
 PSYoungGen      total 316928K, used 15161K [0x00000000eb700000, 0x0000000100000000, 0x0000000100000000)
  eden space 300032K, 0% used [0x00000000eb700000,0x00000000eb700000,0x00000000fdc00000)
  from space 16896K, 89% used [0x00000000fef80000,0x00000000ffe4e7e8,0x0000000100000000)
  to   space 18432K, 0% used [0x00000000fdc00000,0x00000000fdc00000,0x00000000fee00000)
 ParOldGen       total 70656K, used 34401K [0x00000000c2400000, 0x00000000c6900000, 0x00000000eb700000)
  object space 70656K, 48% used [0x00000000c2400000,0x00000000c45986b0,0x00000000c6900000)
 Metaspace       used 30662K, capacity 31130K, committed 35496K, reserved 1081344K
  class space    used 3338K, capacity 3507K, committed 4096K, reserved 1048576K
}
Event: 18.260 GC heap before
{Heap before GC invocations=19 (full 2):
 PSYoungGen      total 316928K, used 315193K [0x00000000eb700000, 0x0000000100000000, 0x0000000100000000)
  eden space 300032K, 100% used [0x00000000eb700000,0x00000000fdc00000,0x00000000fdc00000)
  from space 16896K, 89% used [0x00000000fef80000,0x00000000ffe4e7e8,0x0000000100000000)
  to   space 18432K, 0% used [0x00000000fdc00000,0x00000000fdc00000,0x00000000fee00000)
 ParOldGen       total 70656K, used 34401K [0x00000000c2400000, 0x00000000c6900000, 0x00000000eb700000)
  object space 70656K, 48% used [0x00000000c2400000,0x00000000c45986b0,0x00000000c6900000)
 Metaspace       used 31901K, capacity 32402K, committed 35496K, reserved 1081344K
  class space    used 3428K, capacity 3613K, committed 4096K, reserved 1048576K
Event: 18.303 GC heap after
Heap after GC invocations=19 (full 2):
 PSYoungGen      total 317952K, used 17779K [0x00000000eb700000, 0x0000000100000000, 0x0000000100000000)
  eden space 300032K, 0% used [0x00000000eb700000,0x00000000eb700000,0x00000000fdc00000)
  from space 17920K, 99% used [0x00000000fdc00000,0x00000000fed5cd68,0x00000000fed80000)
  to   space 18944K, 0% used [0x00000000fed80000,0x00000000fed80000,0x0000000100000000)
 ParOldGen       total 70656K, used 46403K [0x00000000c2400000, 0x00000000c6900000, 0x00000000eb700000)
  object space 70656K, 65% used [0x00000000c2400000,0x00000000c5150ce0,0x00000000c6900000)
 Metaspace       used 31901K, capacity 32402K, committed 35496K, reserved 1081344K
  class space    used 3428K, capacity 3613K, committed 4096K, reserved 1048576K
}
Event: 19.281 GC heap before
{Heap before GC invocations=20 (full 2):
 PSYoungGen      total 317952K, used 317811K [0x00000000eb700000, 0x0000000100000000, 0x0000000100000000)
  eden space 300032K, 100% used [0x00000000eb700000,0x00000000fdc00000,0x00000000fdc00000)
  from space 17920K, 99% used [0x00000000fdc00000,0x00000000fed5cd68,0x00000000fed80000)
  to   space 18944K, 0% used [0x00000000fed80000,0x00000000fed80000,0x0000000100000000)
 ParOldGen       total 70656K, used 46403K [0x00000000c2400000, 0x00000000c6900000, 0x00000000eb700000)
  object space 70656K, 65% used [0x00000000c2400000,0x00000000c5150ce0,0x00000000c6900000)
 Metaspace       used 33140K, capacity 33674K, committed 35496K, reserved 1081344K
  class space    used 3518K, capacity 3719K, committed 4096K, reserved 1048576K
Event: 19.311 GC heap after
Heap after GC invocations=20 (full 2):
 PSYoungGen      total 310784K, used 15796K [0x00000000eb700000, 0x0000000100000000, 0x0000000100000000)
  eden space 291840K, 0% used [0x00000000eb700000,0x00000000eb700000,0x00000000fd400000)
  from space 18944K, 83% used [0x00000000fed80000,0x00000000ffced188,0x0000000100000000)
  to   space 22528K, 0% used [0x00000000fd400000,0x00000000fd400000,0x00000000fea00000)
 ParOldGen       total 70656K, used 57617K [0x00000000c2400000, 0x00000000c6900000, 0x00000000eb700000)
  object space 70656K, 81% used [0x00000000c2400000,0x00000000c5c444f0,0x00000000c6900000)
 Metaspace       used 33140K, capacity 33674K, committed 35496K, reserved 1081344K
  class space    used 3518K, capacity 3719K, committed 4096K, reserved 1048576K
}
Event: 19.311 GC heap before
{Heap before GC invocations=21 (full 3):
 PSYoungGen      total 310784K, used 15796K [0x00000000eb700000, 0x0000000100000000, 0x0000000100000000)
  eden space 291840K, 0% used [0x00000000eb700000,0x00000000eb700000,0x00000000fd400000)
  from space 18944K, 83% used [0x00000000fed80000,0x00000000ffced188,0x0000000100000000)
  to   space 22528K, 0% used [0x00000000fd400000,0x00000000fd400000,0x00000000fea00000)
 ParOldGen       total 70656K, used 57617K [0x00000000c2400000, 0x00000000c6900000, 0x00000000eb700000)
  object space 70656K, 81% used [0x00000000c2400000,0x00000000c5c444f0,0x00000000c6900000)
 Metaspace       used 33140K, capacity 33674K, committed 35496K, reserved 1081344K
  class space    used 3518K, capacity 3719K, committed 4096K, reserved 1048576K

